Setting Text: Oak Grove 7 min, Oak Grove 22 min
Setting Text: Oak Grove 7 min, Oak Grove 22 min
Setting Text: Oak Grove 7 min, Oak Grove 22 min
Setting Text: Oak Grove 7 min, Oak Grove 22 min
Setting Text: Oak Grove 7 min, Oak Grove 22 min
Setting Text: Oak Grove 7 min, Oak Grove 22 min
Setting Text: Oak Grove 7 min, Oak Grove 22 min
Setting Text: Oak Grove 7 min, Oak Grove 22 min
Setting Text: Oak Grove 7 min, Oak Grove 22 min
Setting Text: Oak Grove 7 min, Oak Grove 22 min
Setting Text: Oak Grove 7 min, Oak Grove 22 min
Setting Text: Oak Grove 7 min, Oak Grove 22 min
Setting Text: Oak Grove 6 min, Oak Grove 22 min
Setting Text: Oak Grove 6 min, Oak Grove 22 min
Setting Text: Oak Grove 6 min, Oak Grove 22 min
Setting Text: Oak Grove 6 min, Oak Grove 22 min
Setting Text: Oak Grove 6 min, Oak Grove 22 min
Setting Text: Oak Grove 6 min, Oak Grove 22 min
Setting Text: Oak Grove 6 min, Oak Grove 22 min
Setting Text: Oak Grove 6 min, Oak Grove 22 min
Setting Text: Oak Grove 6 min, Oak Grove 22 min
Setting Text: Oak Grove 6 min, Oak Grove 22 min
Setting Text: Oak Grove 6 min, Oak Grove 22 min
Setting Text: Oak Grove 6 min, Oak Grove 22 min
Setting Text: Oak Grove 6 min, Oak Grove 22 min
Setting Text: Oak Grove 6 min, Oak Grove 21 min
Button Pressed!
Button Pressed!
Setting Text: Oak Grove 6 min, Oak Grove 21 min
Button Pressed!
Setting Text: Lechmere 6 min, Lechmere 8 min
Button Pressed!
Button Pressed!
Button Pressed!
Setting Text: Oak Grove 6 min, Oak Grove 21 min
Button Pressed!
Button Pressed!
Button Pressed!
Button Pressed!
Button Pressed!
Setting Text: Forest Hills 9 min, Forest Hills 24 min
Button Pressed!
Button Pressed!
Button Pressed!
Button Pressed!
Button Pressed!
Setting Text: Oak Grove 6 min, Oak Grove 21 min
Setting Text: Oak Grove 6 min, Oak Grove 21 min
Setting Text: Oak Grove 6 min, Oak Grove 21 min
Setting Text: Oak Grove 6 min, Oak Grove 21 min
Setting Text: Oak Grove 6 min, Oak Grove 21 min
Setting Text: Oak Grove 6 min, Oak Grove 21 min
Setting Text: Oak Grove 6 min, Oak Grove 21 min
Setting Text: Oak Grove 6 min, Oak Grove 21 min
Setting Text: Oak Grove 6 min, Oak Grove 21 min
Setting Text: Oak Grove 6 min, Oak Grove 21 min
Setting Text: Oak Grove 6 min, Oak Grove 21 min
Setting Text: Oak Grove 6 min, Oak Grove 21 min
Setting Text: Oak Grove 6 min, Oak Grove 21 min
Setting Text: Oak Grove 6 min, Oak Grove 21 min
Setting Text: Oak Grove 6 min, Oak Grove 21 min
Setting Text: Oak Grove 6 min, Oak Grove 21 min
Setting Text: Oak Grove 6 min, Oak Grove 21 min
Setting Text: Oak Grove 6 min, Oak Grove 21 min
Setting Text: Oak Grove 6 min, Oak Grove 21 min
Setting Text: Oak Grove 6 min, Oak Grove 21 min
Setting Text: Oak Grove 6 min, Oak Grove 21 min
Setting Text: Oak Grove 5 min, Oak Grove 21 min
Setting Text: Oak Grove 5 min, Oak Grove 21 min
Setting Text: Oak Grove 5 min, Oak Grove 21 min
Setting Text: Oak Grove 5 min, Oak Grove 21 min
Setting Text: Oak Grove 5 min, Oak Grove 21 min
Setting Text: Oak Grove 5 min, Oak Grove 21 min
Setting Text: Oak Grove 5 min, Oak Grove 21 min
Setting Text: Oak Grove 5 min, Oak Grove 21 min
Setting Text: Oak Grove 5 min, Oak Grove 21 min
Button Pressed!
Button Pressed!
Button Pressed!
Setting Text: Lechmere 6 min, Lechmere 7 min
Button Pressed!
Button Pressed!
Button Pressed!
Setting Text: Oak Grove 5 min, Oak Grove 21 min
Button Pressed!
Button Pressed!
Setting Text: I love, Ranch ♡
Button Pressed!
Setting Text: Oak Grove 5 min, Oak Grove 21 min
Setting Text: Oak Grove 5 min, Oak Grove 21 min
Setting Text: Oak Grove 5 min, Oak Grove 21 min
Setting Text: Oak Grove 5 min, Oak Grove 21 min
Setting Text: Oak Grove 5 min, Oak Grove 21 min
Setting Text: Oak Grove 5 min, Oak Grove 20 min
Setting Text: Oak Grove 5 min, Oak Grove 20 min
Setting Text: Oak Grove 5 min, Oak Grove 20 min
Setting Text: Oak Grove 5 min, Oak Grove 20 min
Setting Text: Oak Grove 5 min, Oak Grove 20 min
Setting Text: Oak Grove 5 min, Oak Grove 20 min
Setting Text: Oak Grove 5 min, Oak Grove 20 min
Setting Text: Oak Grove 5 min, Oak Grove 20 min
Setting Text: Oak Grove 5 min, Oak Grove 20 min
Setting Text: Oak Grove 5 min, Oak Grove 20 min
Setting Text: Oak Grove 5 min, Oak Grove 20 min
Setting Text: Oak Grove 5 min, Oak Grove 20 min
Setting Text: Oak Grove 5 min, Oak Grove 20 min
Setting Text: Oak Grove 5 min, Oak Grove 20 min
Setting Text: Oak Grove 5 min, Oak Grove 20 min
Setting Text: Oak Grove 5 min, Oak Grove 20 min
Setting Text: Oak Grove 5 min, Oak Grove 20 min
Setting Text: Oak Grove 5 min, Oak Grove 20 min
Setting Text: Oak Grove 5 min, Oak Grove 20 min
Setting Text: Oak Grove 5 min, Oak Grove 20 min
Setting Text: Oak Grove 5 min, Oak Grove 20 min
Setting Text: Oak Grove 5 min, Oak Grove 20 min
Setting Text: Oak Grove 5 min, Oak Grove 20 min
Setting Text: Oak Grove 5 min, Oak Grove 20 min
Setting Text: Oak Grove 5 min, Oak Grove 20 min
Setting Text: Oak Grove 5 min, Oak Grove 20 min
Setting Text: Oak Grove 4 min, Oak Grove 20 min
Setting Text: Oak Grove 4 min, Oak Grove 20 min
Setting Text: Oak Grove 4 min, Oak Grove 20 min
Setting Text: Oak Grove 5 min, Oak Grove 20 min
Setting Text: Oak Grove 5 min, Oak Grove 20 min
Setting Text: Oak Grove 5 min, Oak Grove 20 min
Setting Text: Oak Grove 4 min, Oak Grove 20 min
Setting Text: Oak Grove 4 min, Oak Grove 20 min
Setting Text: Oak Grove 4 min, Oak Grove 20 min
Setting Text: Oak Grove 4 min, Oak Grove 20 min
Setting Text: Oak Grove 4 min, Oak Grove 20 min
Setting Text: Oak Grove 4 min, Oak Grove 20 min
Setting Text: Oak Grove 4 min, Oak Grove 20 min
Setting Text: Oak Grove 4 min, Oak Grove 20 min
Setting Text: Oak Grove 4 min, Oak Grove 20 min
Setting Text: Oak Grove 4 min, Oak Grove 20 min
Setting Text: Oak Grove 4 min, Oak Grove 20 min
Setting Text: Oak Grove 4 min, Oak Grove 19 min
Setting Text: Oak Grove 4 min, Oak Grove 19 min
Setting Text: Oak Grove 4 min, Oak Grove 19 min
Setting Text: Oak Grove 4 min, Oak Grove 19 min
Setting Text: Oak Grove 4 min, Oak Grove 19 min
Setting Text: Oak Grove 4 min, Oak Grove 19 min
Setting Text: Oak Grove 4 min, Oak Grove 19 min
Setting Text: Oak Grove 4 min, Oak Grove 19 min
Setting Text: Oak Grove 4 min, Oak Grove 19 min
Setting Text: Oak Grove 4 min, Oak Grove 19 min
Setting Text: Oak Grove 4 min, Oak Grove 19 min
Setting Text: Oak Grove 4 min, Oak Grove 19 min
Setting Text: Oak Grove 4 min, Oak Grove 19 min
Setting Text: Oak Grove 4 min, Oak Grove 19 min
Setting Text: Oak Grove 4 min, Oak Grove 19 min
Setting Text: Oak Grove 4 min, Oak Grove 19 min
Setting Text: Oak Grove 4 min, Oak Grove 19 min
Setting Text: Oak Grove 4 min, Oak Grove 19 min
Setting Text: Oak Grove 4 min, Oak Grove 19 min
Setting Text: Oak Grove 4 min, Oak Grove 19 min
Setting Text: Oak Grove 4 min, Oak Grove 19 min
Setting Text: Oak Grove 4 min, Oak Grove 19 min
Setting Text: Oak Grove 4 min, Oak Grove 19 min
Setting Text: Oak Grove 4 min, Oak Grove 19 min
Setting Text: Oak Grove 4 min, Oak Grove 19 min
Setting Text: Oak Grove 4 min, Oak Grove 19 min
Setting Text: Oak Grove 4 min, Oak Grove 19 min
Setting Text: Oak Grove 4 min, Oak Grove 19 min
Setting Text: Oak Grove 4 min, Oak Grove 19 min
Setting Text: Oak Grove 4 min, Oak Grove 19 min
Setting Text: Oak Grove 4 min, Oak Grove 19 min
Setting Text: Oak Grove 4 min, Oak Grove 19 min
Setting Text: Oak Grove 4 min, Oak Grove 19 min
Setting Text: Oak Grove 4 min, Oak Grove 19 min
Setting Text: Oak Grove 4 min, Oak Grove 19 min
Setting Text: Oak Grove 3 min, Oak Grove 19 min
Setting Text: Oak Grove 3 min, Oak Grove 19 min
Setting Text: Oak Grove 3 min, Oak Grove 19 min
Setting Text: Oak Grove 3 min, Oak Grove 19 min
Setting Text: Oak Grove 3 min, Oak Grove 19 min
Setting Text: Oak Grove 3 min, Oak Grove 18 min
Setting Text: Oak Grove 3 min, Oak Grove 18 min
Setting Text: Oak Grove 3 min, Oak Grove 18 min
Setting Text: Oak Grove 3 min, Oak Grove 18 min
Setting Text: Oak Grove 3 min, Oak Grove 18 min
Setting Text: Oak Grove 3 min, Oak Grove 18 min
Setting Text: Oak Grove 3 min, Oak Grove 18 min
Setting Text: Oak Grove 3 min, Oak Grove 18 min
Setting Text: Oak Grove 3 min, Oak Grove 18 min
Setting Text: Oak Grove 3 min, Oak Grove 18 min
Setting Text: Oak Grove 3 min, Oak Grove 18 min
Setting Text: Oak Grove 3 min, Oak Grove 18 min
Setting Text: Oak Grove 3 min, Oak Grove 18 min
Setting Text: Oak Grove 3 min, Oak Grove 18 min
Setting Text: Oak Grove 3 min, Oak Grove 18 min
Setting Text: Oak Grove 3 min, Oak Grove 18 min
Setting Text: Oak Grove 3 min, Oak Grove 18 min
Setting Text: Oak Grove 3 min, Oak Grove 18 min
Setting Text: Oak Grove 3 min, Oak Grove 18 min
Setting Text: Oak Grove 3 min, Oak Grove 18 min
Setting Text: Oak Grove 3 min, Oak Grove 18 min
Setting Text: Oak Grove 3 min, Oak Grove 18 min
Setting Text: Oak Grove 3 min, Oak Grove 18 min
Setting Text: Oak Grove 3 min, Oak Grove 18 min
Setting Text: Oak Grove 3 min, Oak Grove 18 min
Setting Text: Oak Grove 3 min, Oak Grove 18 min
Setting Text: Oak Grove 3 min, Oak Grove 18 min
Setting Text: Oak Grove 3 min, Oak Grove 18 min
Setting Text: Oak Grove 3 min, Oak Grove 18 min
Setting Text: Oak Grove 3 min, Oak Grove 18 min
Setting Text: Oak Grove 3 min, Oak Grove 18 min
Setting Text: Oak Grove 3 min, Oak Grove 18 min
Setting Text: Oak Grove 3 min, Oak Grove 18 min
Setting Text: Oak Grove 3 min, Oak Grove 18 min
Setting Text: Oak Grove 3 min, Oak Grove 18 min
Setting Text: Oak Grove 3 min, Oak Grove 18 min
Setting Text: Oak Grove 3 min, Oak Grove 18 min
Setting Text: Oak Grove 3 min, Oak Grove 18 min
Setting Text: Oak Grove 3 min, Oak Grove 18 min
Setting Text: Oak Grove 3 min, Oak Grove 18 min
Setting Text: Oak Grove 3 min, Oak Grove 18 min
Setting Text: Oak Grove 3 min, Oak Grove 18 min
Setting Text: Oak Grove 3 min, Oak Grove 18 min
Setting Text: Oak Grove 3 min, Oak Grove 18 min
Setting Text: Oak Grove 3 min, Oak Grove 18 min
Setting Text: Oak Grove 3 min, Oak Grove 18 min
Setting Text: Oak Grove 2 min, Oak Grove 18 min
Setting Text: Oak Grove 2 min, Oak Grove 17 min
Setting Text: Oak Grove 2 min, Oak Grove 17 min
Setting Text: Oak Grove 2 min, Oak Grove 17 min
Setting Text: Oak Grove 2 min, Oak Grove 17 min
Setting Text: Oak Grove 2 min, Oak Grove 17 min
Setting Text: Oak Grove 2 min, Oak Grove 17 min
Setting Text: Oak Grove 2 min, Oak Grove 17 min
Setting Text: Oak Grove 2 min, Oak Grove 17 min
Setting Text: Oak Grove 2 min, Oak Grove 17 min
Setting Text: Oak Grove 2 min, Oak Grove 17 min
Setting Text: Oak Grove 2 min, Oak Grove 17 min
Setting Text: Oak Grove 2 min, Oak Grove 17 min
Setting Text: Oak Grove 2 min, Oak Grove 17 min
Setting Text: Oak Grove 2 min, Oak Grove 17 min
Setting Text: Oak Grove 2 min, Oak Grove 17 min
Setting Text: Oak Grove 2 min, Oak Grove 17 min
Setting Text: Oak Grove 2 min, Oak Grove 17 min
Setting Text: Oak Grove 2 min, Oak Grove 17 min
Setting Text: Oak Grove 2 min, Oak Grove 17 min
Setting Text: Oak Grove 2 min, Oak Grove 17 min
Setting Text: Oak Grove 2 min, Oak Grove 17 min
Setting Text: Oak Grove 2 min, Oak Grove 17 min
Setting Text: Oak Grove 2 min, Oak Grove 17 min
Setting Text: Oak Grove 2 min, Oak Grove 17 min
Setting Text: Oak Grove 2 min, Oak Grove 17 min
Setting Text: Oak Grove 2 min, Oak Grove 17 min
Setting Text: Oak Grove 2 min, Oak Grove 17 min
Setting Text: Oak Grove 2 min, Oak Grove 17 min
Setting Text: Oak Grove 2 min, Oak Grove 17 min
Setting Text: Oak Grove 2 min, Oak Grove 17 min
Setting Text: Oak Grove 1 min, Oak Grove 16 min
Setting Text: Oak Grove 1 min, Oak Grove 16 min
Setting Text: Oak Grove 1 min, Oak Grove 16 min
Setting Text: Oak Grove 1 min, Oak Grove 16 min
Setting Text: Oak Grove 1 min, Oak Grove 16 min
Setting Text: Oak Grove 1 min, Oak Grove 16 min
Setting Text: Oak Grove 1 min, Oak Grove 16 min
Setting Text: Oak Grove 1 min, Oak Grove 16 min
Setting Text: Oak Grove 1 min, Oak Grove 16 min
Setting Text: Oak Grove 1 min, Oak Grove 16 min
Setting Text: Oak Grove 1 min, Oak Grove 16 min
Setting Text: Oak Grove 1 min, Oak Grove 16 min
Setting Text: Oak Grove 1 min, Oak Grove 16 min
Setting Text: Oak Grove 1 min, Oak Grove 16 min
Setting Text: Oak Grove 1 min, Oak Grove 16 min
Setting Text: Oak Grove 1 min, Oak Grove 16 min
Setting Text: Oak Grove 1 min, Oak Grove 16 min
Setting Text: Oak Grove 1 min, Oak Grove 16 min
Setting Text: Oak Grove 1 min, Oak Grove 16 min
Setting Text: Oak Grove 1 min, Oak Grove 16 min
Setting Text: Oak Grove 1 min, Oak Grove 16 min
Setting Text: Oak Grove 1 min, Oak Grove 16 min
Setting Text: Oak Grove 1 min, Oak Grove 16 min
Setting Text: Oak Grove 1 min, Oak Grove 16 min
Setting Text: Oak Grove 1 min, Oak Grove 16 min
Setting Text: Oak Grove 1 min, Oak Grove 16 min
Setting Text: Oak Grove 1 min, Oak Grove 16 min
Setting Text: Oak Grove 16 min, Oak Grove 31 min
Setting Text: Oak Grove 16 min, Oak Grove 31 min
Setting Text: Oak Grove 15 min, Oak Grove 31 min
Setting Text: Oak Grove 15 min, Oak Grove 30 min
Setting Text: Oak Grove 15 min, Oak Grove 30 min
Setting Text: Oak Grove 15 min, Oak Grove 30 min
Setting Text: Oak Grove 15 min, Oak Grove 30 min
Setting Text: Oak Grove 15 min, Oak Grove 30 min
Setting Text: Oak Grove 15 min, Oak Grove 30 min
Setting Text: Oak Grove 15 min, Oak Grove 30 min
Setting Text: Oak Grove 15 min, Oak Grove 30 min
Setting Text: Oak Grove 15 min, Oak Grove 30 min
Setting Text: Oak Grove 15 min, Oak Grove 30 min
Setting Text: Oak Grove 15 min, Oak Grove 30 min
Setting Text: Oak Grove 15 min, Oak Grove 30 min
Setting Text: Oak Grove 15 min, Oak Grove 30 min
Setting Text: Oak Grove 15 min, Oak Grove 30 min
Setting Text: Oak Grove 15 min, Oak Grove 30 min
Setting Text: Oak Grove 15 min, Oak Grove 30 min
Setting Text: Oak Grove 15 min, Oak Grove 30 min
Setting Text: Oak Grove 15 min, Oak Grove 30 min
Setting Text: Oak Grove 15 min, Oak Grove 30 min
Setting Text: Oak Grove 15 min, Oak Grove 30 min
Setting Text: Oak Grove 14 min, Oak Grove 30 min
Setting Text: Oak Grove 14 min, Oak Grove 30 min
Setting Text: Oak Grove 14 min, Oak Grove 30 min
Setting Text: Oak Grove 14 min, Oak Grove 30 min
Setting Text: Oak Grove 14 min, Oak Grove 30 min
Setting Text: Oak Grove 14 min, Oak Grove 29 min
Setting Text: Oak Grove 14 min, Oak Grove 29 min
Setting Text: Oak Grove 14 min, Oak Grove 29 min
Setting Text: Oak Grove 14 min, Oak Grove 29 min
Setting Text: Oak Grove 14 min, Oak Grove 29 min
Setting Text: Oak Grove 14 min, Oak Grove 29 min
Setting Text: Oak Grove 14 min, Oak Grove 29 min
Setting Text: Oak Grove 14 min, Oak Grove 29 min
Setting Text: Oak Grove 14 min, Oak Grove 29 min
Setting Text: Oak Grove 14 min, Oak Grove 29 min
Setting Text: Oak Grove 14 min, Oak Grove 29 min
Setting Text: Oak Grove 14 min, Oak Grove 29 min
Setting Text: Oak Grove 14 min, Oak Grove 29 min
Setting Text: Oak Grove 14 min, Oak Grove 29 min
Setting Text: Oak Grove 14 min, Oak Grove 29 min
Setting Text: Oak Grove 14 min, Oak Grove 29 min
Setting Text: Oak Grove 14 min, Oak Grove 29 min
Setting Text: Oak Grove 14 min, Oak Grove 29 min
Setting Text: Oak Grove 14 min, Oak Grove 29 min
Setting Text: Oak Grove 14 min, Oak Grove 29 min
Setting Text: Oak Grove 14 min, Oak Grove 29 min
Setting Text: Oak Grove 14 min, Oak Grove 29 min
Setting Text: Oak Grove 13 min, Oak Grove 29 min
Setting Text: Oak Grove 13 min, Oak Grove 29 min
Setting Text: Oak Grove 13 min, Oak Grove 29 min
Setting Text: Oak Grove 13 min, Oak Grove 28 min
Setting Text: Oak Grove 13 min, Oak Grove 28 min
Setting Text: Oak Grove 13 min, Oak Grove 28 min
Setting Text: Oak Grove 13 min, Oak Grove 28 min
Setting Text: Oak Grove 13 min, Oak Grove 28 min
Setting Text: Oak Grove 13 min, Oak Grove 28 min
Setting Text: Oak Grove 13 min, Oak Grove 28 min
Setting Text: Oak Grove 13 min, Oak Grove 28 min
Setting Text: Oak Grove 13 min, Oak Grove 28 min
Setting Text: Oak Grove 13 min, Oak Grove 28 min
Setting Text: Oak Grove 13 min, Oak Grove 28 min
Setting Text: Oak Grove 13 min, Oak Grove 28 min
Setting Text: Oak Grove 13 min, Oak Grove 28 min
Setting Text: Oak Grove 13 min, Oak Grove 28 min
Setting Text: Oak Grove 13 min, Oak Grove 28 min
Setting Text: Oak Grove 13 min, Oak Grove 28 min
Setting Text: Oak Grove 13 min, Oak Grove 28 min
Setting Text: Oak Grove 13 min, Oak Grove 28 min
Setting Text: Oak Grove 13 min, Oak Grove 28 min
Setting Text: Oak Grove 13 min, Oak Grove 28 min
Setting Text: Oak Grove 13 min, Oak Grove 28 min
Setting Text: Oak Grove 13 min, Oak Grove 28 min
Setting Text: Oak Grove 13 min, Oak Grove 28 min
Setting Text: Oak Grove 13 min, Oak Grove 28 min
Setting Text: Oak Grove 13 min, Oak Grove 28 min